2025-08-13 07:02:52,322 - ERROR - Archive screenshot error: Timeout 30000ms exceeded.
2025-08-13 07:03:38,792 - ERROR - Archive screenshot error: Timeout 30000ms exceeded.
2025-08-13 07:04:30,382 - ERROR - Archive screenshot error: Timeout 30000ms exceeded.
2025-08-13 07:06:24,209 - ERROR - Archive screenshot error: Timeout 30000ms exceeded.
2025-08-13 07:08:23,013 - ERROR - Archive screenshot error: Timeout 30000ms exceeded.
2025-08-13 07:09:47,440 - ERROR - Live screenshot error: net::ERR_CONNECTION_CLOSED at https://www.fsf.org/
2025-08-13 07:12:10,712 - ERROR - Archive screenshot error: Timeout 30000ms exceeded.
2025-08-13 07:13:40,160 - ERROR - Archive screenshot error: Timeout 30000ms exceeded.
2025-08-13 07:15:12,060 - ERROR - Archive screenshot error: Timeout 30000ms exceeded.
2025-08-13 07:21:33,728 - ERROR - Archive screenshot error: Timeout 30000ms exceeded.
2025-08-13 07:22:17,828 - ERROR - Archive screenshot error: Timeout 30000ms exceeded.
2025-08-13 07:22:47,909 - ERROR - Live screenshot error: Timeout 30000ms exceeded.
2025-08-13 07:23:39,306 - ERROR - Archive screenshot error: Timeout 30000ms exceeded.
2025-08-13 07:24:09,391 - ERROR - Live screenshot error: Timeout 30000ms exceeded.
2025-08-13 07:24:49,163 - ERROR - Archive screenshot error: Timeout 30000ms exceeded.
2025-08-13 07:25:54,975 - ERROR - Archive screenshot error: Timeout 30000ms exceeded.
2025-08-13 07:27:09,458 - ERROR - Archive screenshot error: Timeout 30000ms exceeded.
2025-08-13 07:28:01,294 - ERROR - Archive screenshot error: Timeout 30000ms exceeded.
2025-08-13 07:29:32,641 - ERROR - Archive screenshot error: Timeout 30000ms exceeded.
2025-08-13 07:31:19,991 - ERROR - Archive screenshot error: Timeout 30000ms exceeded.
2025-08-13 07:32:14,123 - ERROR - Archive screenshot error: Timeout 30000ms exceeded.
2025-08-13 07:33:09,803 - ERROR - Archive screenshot error: Timeout 30000ms exceeded.
2025-08-13 07:34:06,594 - ERROR - Archive screenshot error: Timeout 30000ms exceeded.
2025-08-13 07:35:31,442 - ERROR - Archive screenshot error: Timeout 30000ms exceeded.
2025-08-13 07:36:51,637 - ERROR - Archive screenshot error: Timeout 30000ms exceeded.
2025-08-13 07:37:46,757 - ERROR - Archive screenshot error: Timeout 30000ms exceeded.
2025-08-13 07:38:50,809 - ERROR - Archive screenshot error: net::ERR_CONTENT_DECODING_FAILED at http://web.archive.org/web/20250813050901id_/https://www.cnn.com/
2025-08-13 07:40:14,770 - ERROR - Archive screenshot error: Timeout 30000ms exceeded.
2025-08-13 07:41:06,040 - ERROR - Live screenshot error: Timeout 30000ms exceeded.
2025-08-13 07:42:10,845 - ERROR - Archive screenshot error: Timeout 30000ms exceeded.
2025-08-13 07:42:54,967 - ERROR - Archive screenshot error: net::ERR_CONTENT_DECODING_FAILED at http://web.archive.org/web/20250730021550id_/https://www.bloomberg.com/
2025-08-13 07:43:35,786 - ERROR - Archive screenshot error: Timeout 30000ms exceeded.
2025-08-13 07:44:43,830 - ERROR - Archive screenshot error: Timeout 30000ms exceeded.
2025-08-13 07:45:44,468 - ERROR - Archive screenshot error: Timeout 30000ms exceeded.
2025-08-13 07:46:14,551 - ERROR - Live screenshot error: Timeout 30000ms exceeded.
2025-08-13 07:47:55,477 - ERROR - Live screenshot error: Timeout 30000ms exceeded.
2025-08-13 07:48:08,370 - ERROR - Archive screenshot error: net::ERR_CONTENT_DECODING_FAILED at http://web.archive.org/web/20250812190650id_/https://gizmodo.com/
2025-08-13 07:49:44,062 - ERROR - Archive screenshot error: Timeout 30000ms exceeded.
2025-08-13 07:52:37,923 - ERROR - Archive screenshot error: Timeout 30000ms exceeded.
2025-08-13 07:54:31,064 - ERROR - Archive screenshot error: Timeout 30000ms exceeded.
2025-08-13 07:56:03,935 - ERROR - Archive screenshot error: Timeout 30000ms exceeded.
2025-08-13 07:59:07,131 - ERROR - Live screenshot error: net::ERR_NAME_NOT_RESOLVED at https://www.javatpoint.com/
2025-08-13 08:03:29,607 - ERROR - Live screenshot error: net::ERR_CONNECTION_CLOSED at https://www.sed.sourceforge.io/
2025-08-13 08:06:35,631 - ERROR - Archive screenshot error: Timeout 30000ms exceeded.
2025-08-13 08:08:15,505 - ERROR - Archive screenshot error: Timeout 30000ms exceeded.
2025-08-13 08:10:25,300 - ERROR - Archive screenshot error: Timeout 30000ms exceeded.
2025-08-13 08:13:16,296 - ERROR - Live screenshot error: net::ERR_NAME_NOT_RESOLVED at https://www.jira.atlassian.com/
2025-08-13 08:14:22,332 - ERROR - Live screenshot error: Timeout 30000ms exceeded.
2025-08-13 08:15:19,381 - ERROR - Archive screenshot error: Timeout 45000ms exceeded.
2025-08-13 08:16:08,731 - ERROR - Live screenshot error: net::ERR_NAME_NOT_RESOLVED at https://www.teams.microsoft.com/
2025-08-13 08:16:51,475 - ERROR - Live screenshot error: net::ERR_NAME_NOT_RESOLVED at https://www.meet.google.com/
2025-08-13 08:17:40,162 - ERROR - Archive screenshot error: Timeout 45000ms exceeded.
2025-08-13 08:20:44,089 - ERROR - Archive screenshot error: Timeout 45000ms exceeded.
2025-08-13 08:32:08,347 - ERROR - Archive screenshot error: Timeout 45000ms exceeded.
2025-08-13 08:33:57,373 - ERROR - Archive screenshot error: Timeout 45000ms exceeded.
2025-08-13 08:34:46,600 - ERROR - Archive screenshot error: net::ERR_EMPTY_RESPONSE at http://web.archive.org/web/20250730002954id_/https://www.heroku.com/
2025-08-13 08:35:02,585 - ERROR - Archive screenshot error: net::ERR_EMPTY_RESPONSE at http://web.archive.org/web/20250726115059id_/https://render.com/
2025-08-13 08:35:32,669 - ERROR - Live screenshot error: Timeout 30000ms exceeded.
2025-08-13 08:38:13,109 - ERROR - Archive screenshot error: Timeout 45000ms exceeded.
2025-08-13 08:38:43,201 - ERROR - Live screenshot error: Timeout 30000ms exceeded.
2025-08-13 08:39:32,687 - ERROR - Archive screenshot error: Timeout 45000ms exceeded.
2025-08-13 08:42:26,998 - ERROR - Archive screenshot error: Timeout 45000ms exceeded.
2025-08-13 08:44:25,116 - ERROR - Archive screenshot error: Timeout 45000ms exceeded.
2025-08-13 08:45:18,300 - ERROR - Live screenshot error: Timeout 30000ms exceeded.
2025-08-13 08:46:54,852 - ERROR - Archive screenshot error: Timeout 45000ms exceeded.
2025-08-13 08:50:19,528 - ERROR - Archive screenshot error: Timeout 45000ms exceeded.
2025-08-13 08:51:25,989 - ERROR - Archive screenshot error: Timeout 45000ms exceeded.
2025-08-13 08:53:21,346 - ERROR - Live screenshot error: Timeout 30000ms exceeded.
2025-08-13 08:54:24,020 - ERROR - Live screenshot error: net::ERR_CONNECTION_CLOSED at https://www.wally.me/
2025-08-13 08:56:02,525 - ERROR - Archive screenshot error: Timeout 45000ms exceeded.
2025-08-13 09:03:07,283 - ERROR - Archive screenshot error: Timeout 45000ms exceeded.
2025-08-13 09:05:23,350 - ERROR - Archive screenshot error: Timeout 45000ms exceeded.
2025-08-13 09:05:24,469 - ERROR - Live screenshot error: net::ERR_HTTP2_PROTOCOL_ERROR at https://www.photoshop.com/
2025-08-13 09:06:38,760 - ERROR - Archive screenshot error: Timeout 45000ms exceeded.
2025-08-13 09:06:39,787 - ERROR - Live screenshot error: net::ERR_HTTP2_PROTOCOL_ERROR at https://www.lightroom.com/
2025-08-13 09:10:38,525 - ERROR - Archive screenshot error: Timeout 45000ms exceeded.
2025-08-13 09:11:00,689 - ERROR - Live screenshot error: net::ERR_NAME_NOT_RESOLVED at https://www.affinity.serif.com/
2025-08-13 09:17:35,850 - ERROR - Archive screenshot error: Timeout 45000ms exceeded.
2025-08-13 09:19:21,606 - ERROR - Archive screenshot error: Timeout 45000ms exceeded.
2025-08-13 09:20:41,976 - ERROR - Archive screenshot error: Timeout 45000ms exceeded.
2025-08-13 09:27:48,138 - ERROR - Archive screenshot error: Timeout 45000ms exceeded.
2025-08-13 09:28:50,919 - ERROR - Archive screenshot error: Timeout 45000ms exceeded.
2025-08-13 09:29:48,586 - ERROR - Archive screenshot error: Timeout 45000ms exceeded.
2025-08-13 09:30:18,670 - ERROR - Live screenshot error: Timeout 30000ms exceeded.
2025-08-13 09:31:28,846 - ERROR - Archive screenshot error: Timeout 45000ms exceeded.
2025-08-13 09:33:58,790 - ERROR - Archive screenshot error: Timeout 45000ms exceeded.
2025-08-13 09:41:26,098 - ERROR - Archive screenshot error: Timeout 45000ms exceeded.
2025-08-13 09:48:01,175 - ERROR - Archive screenshot error: Timeout 45000ms exceeded.
2025-08-13 09:55:03,481 - ERROR - Live screenshot error: net::ERR_NAME_NOT_RESOLVED at https://api.freshworks.com/
2025-08-13 10:01:05,642 - ERROR - Live screenshot error: net::ERR_NAME_NOT_RESOLVED at https://api.stackpath.com/
2025-08-13 10:12:43,064 - ERROR - Archive screenshot error: net::ERR_CONTENT_DECODING_FAILED at http://web.archive.org/web/20250813024142id_/https://www.facebook.com/
2025-08-13 10:16:59,841 - ERROR - Archive screenshot error: Timeout 45000ms exceeded.
2025-08-13 10:19:12,851 - ERROR - Live screenshot error: Timeout 30000ms exceeded.
2025-08-13 10:20:59,469 - ERROR - Live screenshot error: net::ERR_NAME_NOT_RESOLVED at https://caffeine.tv/
2025-08-13 10:22:28,538 - ERROR - Archive screenshot error: Timeout 45000ms exceeded.
2025-08-13 10:24:19,168 - ERROR - Archive screenshot error: Timeout 45000ms exceeded.
2025-08-13 10:24:43,417 - ERROR - Live screenshot error: net::ERR_CONNECTION_CLOSED at https://ello.co/
2025-08-13 10:30:42,241 - ERROR - Archive screenshot error: Timeout 45000ms exceeded.
2025-08-13 10:32:04,430 - ERROR - Archive screenshot error: Timeout 45000ms exceeded.
2025-08-13 10:32:34,515 - ERROR - Live screenshot error: Timeout 30000ms exceeded.
2025-08-13 10:35:49,972 - ERROR - Archive screenshot error: Timeout 45000ms exceeded.
2025-08-13 10:35:50,115 - ERROR - Live screenshot error: net::ERR_NAME_NOT_RESOLVED at https://liveme.com/
2025-08-13 10:38:07,381 - ERROR - Archive screenshot error: Timeout 45000ms exceeded.
2025-08-13 10:41:18,583 - ERROR - Archive screenshot error: Timeout 45000ms exceeded.
2025-08-13 10:42:17,691 - ERROR - Archive screenshot error: Timeout 45000ms exceeded.
2025-08-13 10:48:20,642 - ERROR - Archive screenshot error: Timeout 45000ms exceeded.
2025-08-13 10:50:28,247 - ERROR - Archive screenshot error: net::ERR_CONTENT_DECODING_FAILED at http://web.archive.org/web/20250811190326id_/https://feeld.co/
2025-08-13 10:55:06,426 - ERROR - Archive screenshot error: Timeout 45000ms exceeded.
2025-08-13 10:56:51,582 - ERROR - Live screenshot error: Timeout 30000ms exceeded.
2025-08-13 11:03:46,493 - ERROR - Archive screenshot error: net::ERR_CONTENT_DECODING_FAILED at http://web.archive.org/web/20250813015838id_/https://www.chess.com/
2025-08-13 11:09:17,563 - ERROR - Archive screenshot error: Timeout 45000ms exceeded.
2025-08-13 11:12:55,756 - ERROR - Live screenshot error: net::ERR_NAME_NOT_RESOLVED at https://tastespotting.com/
2025-08-13 11:14:36,835 - ERROR - Archive screenshot error: Timeout 45000ms exceeded.
2025-08-13 11:16:23,301 - ERROR - Live screenshot error: net::ERR_NAME_NOT_RESOLVED at https://episode-calendar.com/
2025-08-13 11:18:26,192 - ERROR - Archive screenshot error: Timeout 45000ms exceeded.
2025-08-13 11:20:12,280 - ERROR - Archive screenshot error: Timeout 45000ms exceeded.
2025-08-13 11:20:52,161 - ERROR - Archive screenshot error: net::ERR_CONTENT_DECODING_FAILED at http://web.archive.org/web/20250812005736id_/https://makezine.com/
2025-08-13 11:21:56,342 - ERROR - Live screenshot error: Timeout 30000ms exceeded.
